This file contains any messages produced by compilers while
running configure, to aid debugging if configure makes a mistake.

It was created by Jerasure configure 2.0, which was
generated by GNU Autoconf 2.69.  Invocation command line was

  $ /Users/xingyys/project/C/stone-project/jerasure/configure 

## --------- ##
## Platform. ##
## --------- ##

hostname = lackdeMacBook-Pro-3.local
uname -m = arm64
uname -r = 21.6.0
uname -s = Darwin
uname -v = Darwin Kernel Version 21.6.0: Wed Aug 10 14:28:23 PDT 2022; root:xnu-8020.141.5~2/RELEASE_ARM64_T6000

/usr/bin/uname -p = arm
/bin/uname -X     = unknown

/bin/arch              = unknown
/usr/bin/arch -k       = unknown
/usr/convex/getsysinfo = unknown
/usr/bin/hostinfo      = Mach kernel version:
	 Darwin Kernel Version 21.6.0: Wed Aug 10 14:28:23 PDT 2022; root:xnu-8020.141.5~2/RELEASE_ARM64_T6000
Kernel configured for up to 10 processors.
10 processors are physically available.
10 processors are logically available.
Processor type: arm64e (ARM64E)
Processors active: 0 1 2 3 4 5 6 7 8 9
Primary memory available: 16.00 gigabytes
Default processor set: 524 tasks, 2553 threads, 10 processors
Load average: 3.18, Mach factor: 6.81
/bin/machine           = unknown
/usr/bin/oslevel       = unknown
/bin/universe          = unknown

PATH: /opt/homebrew/Cellar/python@3.9/3.9.10/bin
PATH: /Users/xingyys/.autojump/bin
PATH: /Users/xingyys/.autojump/bin
PATH: /opt/homebrew/bin
PATH: /opt/homebrew/sbin
PATH: /usr/local/bin
PATH: /usr/bin
PATH: /bin
PATH: /usr/sbin
PATH: /sbin
PATH: /Applications/VMware Fusion Tech Preview.app/Contents/Public
PATH: /usr/local/go/bin
PATH: /Library/Apple/usr/bin
PATH: /Users/xingyys/.cargo/bin
PATH: /Users/xingyys/tool/java/apache-maven-3.6.3/bin
PATH: /Users/xingyys/project/gopath/bin
PATH: /Users/xingyys/.cargo/bin
PATH: /usr/local/sbin
PATH: /Users/xingyys/Library/Application Support/JetBrains/Toolbox/apps/CLion/ch-0/222.4345.21/CLion.app/Contents/bin/ninja/mac


## ----------- ##
## Core tests. ##
## ----------- ##

configure:2255: checking for a BSD-compatible install
configure:2323: result: /usr/bin/install -c
configure:2334: checking whether build environment is sane
configure:2389: result: yes
configure:2540: checking for a thread-safe mkdir -p
configure:2579: result: /Users/xingyys/project/C/stone-project/jerasure/install-sh -c -d
configure:2586: checking for gawk
configure:2616: result: no
configure:2586: checking for mawk
configure:2616: result: no
configure:2586: checking for nawk
configure:2616: result: no
configure:2586: checking for awk
configure:2602: found /usr/bin/awk
configure:2613: result: awk
configure:2624: checking whether make sets $(MAKE)
configure:2646: result: yes
configure:2675: checking whether make supports nested variables
configure:2692: result: yes
configure:2848: checking build system type
configure:2862: result: arm-apple-darwin21.6.0
configure:2882: checking host system type
configure:2895: result: arm-apple-darwin21.6.0
configure:2936: checking how to print strings
configure:2963: result: printf
configure:2988: checking whether make supports the include directive
configure:3003: make -f confmf.GNU && cat confinc.out
this is the am__doit target
configure:3006: $? = 0
configure:3025: result: yes (GNU style)
configure:3095: checking for gcc
configure:3111: found /usr/bin/gcc
configure:3122: result: gcc
configure:3351: checking for C compiler version
configure:3360: gcc --version >&5
Apple clang version 13.1.6 (clang-1316.0.21.2.5)
Target: arm64-apple-darwin21.6.0
Thread model: posix
InstalledDir: /Applications/Xcode.app/Contents/Developer/Toolchains/XcodeDefault.xctoolchain/usr/bin
configure:3371: $? = 0
configure:3360: gcc -v >&5
Apple clang version 13.1.6 (clang-1316.0.21.2.5)
Target: arm64-apple-darwin21.6.0
Thread model: posix
InstalledDir: /Applications/Xcode.app/Contents/Developer/Toolchains/XcodeDefault.xctoolchain/usr/bin
configure:3371: $? = 0
configure:3360: gcc -V >&5
clang: error: argument to '-V' is missing (expected 1 value)
clang: error: no input files
configure:3371: $? = 1
configure:3360: gcc -qversion >&5
clang: error: unknown argument '-qversion'; did you mean '--version'?
clang: error: no input files
configure:3371: $? = 1
configure:3391: checking whether the C compiler works
configure:3413: gcc    conftest.c  >&5
configure:3417: $? = 0
configure:3465: result: yes
configure:3468: checking for C compiler default output file name
configure:3470: result: a.out
configure:3476: checking for suffix of executables
configure:3483: gcc -o conftest    conftest.c  >&5
configure:3487: $? = 0
configure:3509: result: 
configure:3531: checking whether we are cross compiling
configure:3539: gcc -o conftest    conftest.c  >&5
configure:3543: $? = 0
configure:3550: ./conftest
configure:3554: $? = 0
configure:3569: result: no
configure:3574: checking for suffix of object files
configure:3596: gcc -c   conftest.c >&5
configure:3600: $? = 0
configure:3621: result: o
configure:3625: checking whether we are using the GNU C compiler
configure:3644: gcc -c   conftest.c >&5
configure:3644: $? = 0
configure:3653: result: yes
configure:3662: checking whether gcc accepts -g
configure:3682: gcc -c -g  conftest.c >&5
configure:3682: $? = 0
configure:3723: result: yes
configure:3740: checking for gcc option to accept ISO C89
configure:3803: gcc  -c -g -O2  conftest.c >&5
configure:3803: $? = 0
configure:3816: result: none needed
configure:3841: checking whether gcc understands -c and -o together
configure:3863: gcc -c conftest.c -o conftest2.o
configure:3866: $? = 0
configure:3863: gcc -c conftest.c -o conftest2.o
configure:3866: $? = 0
configure:3878: result: yes
configure:3897: checking dependency style of gcc
configure:4008: result: gcc3
configure:4023: checking for a sed that does not truncate output
configure:4087: result: /opt/homebrew/bin/gsed
configure:4105: checking for grep that handles long lines and -e
configure:4163: result: /opt/homebrew/bin/ggrep
configure:4168: checking for egrep
configure:4230: result: /opt/homebrew/bin/ggrep -E
configure:4235: checking for fgrep
configure:4297: result: /opt/homebrew/bin/ggrep -F
configure:4332: checking for ld used by gcc
configure:4399: result: /Applications/Xcode.app/Contents/Developer/Toolchains/XcodeDefault.xctoolchain/usr/bin/ld
configure:4406: checking if the linker (/Applications/Xcode.app/Contents/Developer/Toolchains/XcodeDefault.xctoolchain/usr/bin/ld) is GNU ld
configure:4421: result: no
configure:4433: checking for BSD- or MS-compatible name lister (nm)
configure:4487: result: /usr/bin/nm -B
configure:4617: checking the name lister (/usr/bin/nm -B) interface
configure:4624: gcc -c -g -O2  conftest.c >&5
configure:4627: /usr/bin/nm -B "conftest.o"
configure:4630: output
0000000000000260 S _some_variable
0000000000000000 t ltmp0
0000000000000260 s ltmp1
configure:4637: result: BSD nm
configure:4640: checking whether ln -s works
configure:4644: result: yes
configure:4652: checking the maximum length of command line arguments
configure:4783: result: 786432
configure:4831: checking how to convert arm-apple-darwin21.6.0 file names to arm-apple-darwin21.6.0 format
configure:4871: result: func_convert_file_noop
configure:4878: checking how to convert arm-apple-darwin21.6.0 file names to toolchain format
configure:4898: result: func_convert_file_noop
configure:4905: checking for /Applications/Xcode.app/Contents/Developer/Toolchains/XcodeDefault.xctoolchain/usr/bin/ld option to reload object files
configure:4912: result: -r
configure:4986: checking for file
configure:5002: found /usr/bin/file
configure:5013: result: file
configure:5084: checking for objdump
configure:5100: found /usr/bin/objdump
configure:5111: result: objdump
configure:5143: checking how to recognize dependent libraries
configure:5343: result: pass_all
configure:5428: checking for dlltool
configure:5458: result: no
configure:5488: checking how to associate runtime and link libraries
configure:5515: result: printf %s\n
configure:5576: checking for ar
configure:5592: found /usr/bin/ar
configure:5603: result: ar
configure:5656: checking for archiver @FILE support
configure:5673: gcc -c -g -O2  conftest.c >&5
configure:5673: $? = 0
configure:5676: ar cr libconftest.a @conftest.lst >&5
ar: @conftest.lst: No such file or directory
configure:5679: $? = 1
configure:5699: result: no
configure:5757: checking for strip
configure:5773: found /usr/bin/strip
configure:5784: result: strip
configure:5856: checking for ranlib
configure:5872: found /usr/bin/ranlib
configure:5883: result: ranlib
configure:5985: checking command to parse /usr/bin/nm -B output from gcc object
configure:6138: gcc -c -g -O2  conftest.c >&5
configure:6141: $? = 0
configure:6145: /usr/bin/nm -B conftest.o \| /opt/homebrew/bin/gsed -n -e 's/^.*[ ]\([ABCDGIRSTW][ABCDGIRSTW]*\)[ ][ ]*\([_A-Za-z][_A-Za-z0-9]*\)$/\1 \2 \2/p' | /opt/homebrew/bin/gsed '/ __gnu_lto/d' \> conftest.nm
configure:6148: $? = 0
cannot find nm_test_var in conftest.nm
configure:6138: gcc -c -g -O2  conftest.c >&5
configure:6141: $? = 0
configure:6145: /usr/bin/nm -B conftest.o \| /opt/homebrew/bin/gsed -n -e 's/^.*[ ]\([ABCDGIRSTW][ABCDGIRSTW]*\)[ ][ ]*_\([_A-Za-z][_A-Za-z0-9]*\)$/\1 _\2 \2/p' | /opt/homebrew/bin/gsed '/ __gnu_lto/d' \> conftest.nm
configure:6148: $? = 0
configure:6214: gcc -o conftest -g -O2   conftest.c conftstm.o >&5
warning: (arm64)  could not find object file symbol for symbol _main
configure:6217: $? = 0
configure:6255: result: ok
configure:6302: checking for sysroot
configure:6332: result: no
configure:6339: checking for a working dd
configure:6377: result: /bin/dd
configure:6381: checking how to truncate binary pipes
configure:6396: result: /bin/dd bs=4096 count=1
configure:6725: checking for mt
configure:6755: result: no
configure:6775: checking if : is a manifest tool
configure:6781: : '-?'
configure:6789: result: no
configure:6845: checking for dsymutil
configure:6861: found /usr/bin/dsymutil
configure:6872: result: dsymutil
configure:6937: checking for nmedit
configure:6953: found /usr/bin/nmedit
configure:6964: result: nmedit
configure:7029: checking for lipo
configure:7045: found /usr/bin/lipo
configure:7056: result: lipo
configure:7121: checking for otool
configure:7137: found /usr/bin/otool
configure:7148: result: otool
configure:7213: checking for otool64
configure:7243: result: no
configure:7288: checking for -single_module linker flag
gcc -g -O2  -o libconftest.dylib -dynamiclib -Wl,-single_module conftest.c
configure:7321: result: yes
configure:7324: checking for -exported_symbols_list linker flag
configure:7344: gcc -o conftest -g -O2   -Wl,-exported_symbols_list,conftest.sym conftest.c  >&5
configure:7344: $? = 0
configure:7354: result: yes
configure:7357: checking for -force_load linker flag
gcc -g -O2 -c -o conftest.o conftest.c
ar cr libconftest.a conftest.o
ranlib libconftest.a
gcc -g -O2  -o conftest conftest.c -Wl,-force_load,./libconftest.a
configure:7389: result: yes
configure:7461: checking how to run the C preprocessor
configure:7492: gcc -E  conftest.c
configure:7492: $? = 0
configure:7506: gcc -E  conftest.c
conftest.c:11:10: fatal error: 'ac_nonexistent.h' file not found
#include <ac_nonexistent.h>
         ^~~~~~~~~~~~~~~~~~
1 error generated.
configure:7506: $? = 1
configure: failed program was:
| /* confdefs.h */
| #define PACKAGE_NAME "Jerasure"
| #define PACKAGE_TARNAME "jerasure"
| #define PACKAGE_VERSION "2.0"
| #define PACKAGE_STRING "Jerasure 2.0"
| #define PACKAGE_BUGREPORT ""
| #define PACKAGE_URL ""
| #define PACKAGE "no-dependencies"
| #define VERSION "foreign"
| /* end confdefs.h.  */
| #include <ac_nonexistent.h>
configure:7531: result: gcc -E
configure:7551: gcc -E  conftest.c
configure:7551: $? = 0
configure:7565: gcc -E  conftest.c
conftest.c:11:10: fatal error: 'ac_nonexistent.h' file not found
#include <ac_nonexistent.h>
         ^~~~~~~~~~~~~~~~~~
1 error generated.
configure:7565: $? = 1
configure: failed program was:
| /* confdefs.h */
| #define PACKAGE_NAME "Jerasure"
| #define PACKAGE_TARNAME "jerasure"
| #define PACKAGE_VERSION "2.0"
| #define PACKAGE_STRING "Jerasure 2.0"
| #define PACKAGE_BUGREPORT ""
| #define PACKAGE_URL ""
| #define PACKAGE "no-dependencies"
| #define VERSION "foreign"
| /* end confdefs.h.  */
| #include <ac_nonexistent.h>
configure:7594: checking for ANSI C header files
configure:7614: gcc -c -g -O2  conftest.c >&5
configure:7614: $? = 0
configure:7687: gcc -o conftest -g -O2   conftest.c  >&5
configure:7687: $? = 0
configure:7687: ./conftest
configure:7687: $? = 0
configure:7698: result: yes
configure:7711: checking for sys/types.h
configure:7711: gcc -c -g -O2  conftest.c >&5
configure:7711: $? = 0
configure:7711: result: yes
configure:7711: checking for sys/stat.h
configure:7711: gcc -c -g -O2  conftest.c >&5
configure:7711: $? = 0
configure:7711: result: yes
configure:7711: checking for stdlib.h
configure:7711: gcc -c -g -O2  conftest.c >&5
configure:7711: $? = 0
configure:7711: result: yes
configure:7711: checking for string.h
configure:7711: gcc -c -g -O2  conftest.c >&5
configure:7711: $? = 0
configure:7711: result: yes
configure:7711: checking for memory.h
configure:7711: gcc -c -g -O2  conftest.c >&5
configure:7711: $? = 0
configure:7711: result: yes
configure:7711: checking for strings.h
configure:7711: gcc -c -g -O2  conftest.c >&5
configure:7711: $? = 0
configure:7711: result: yes
configure:7711: checking for inttypes.h
configure:7711: gcc -c -g -O2  conftest.c >&5
configure:7711: $? = 0
configure:7711: result: yes
configure:7711: checking for stdint.h
configure:7711: gcc -c -g -O2  conftest.c >&5
configure:7711: $? = 0
configure:7711: result: yes
configure:7711: checking for unistd.h
configure:7711: gcc -c -g -O2  conftest.c >&5
configure:7711: $? = 0
configure:7711: result: yes
configure:7725: checking for dlfcn.h
configure:7725: gcc -c -g -O2  conftest.c >&5
configure:7725: $? = 0
configure:7725: result: yes
configure:7981: checking for objdir
configure:7996: result: .libs
configure:8260: checking if gcc supports -fno-rtti -fno-exceptions
configure:8278: gcc -c -g -O2  -fno-rtti -fno-exceptions conftest.c >&5
configure:8282: $? = 0
configure:8295: result: yes
configure:8653: checking for gcc option to produce PIC
configure:8660: result: -fno-common -DPIC
configure:8668: checking if gcc PIC flag -fno-common -DPIC works
configure:8686: gcc -c -g -O2  -fno-common -DPIC -DPIC conftest.c >&5
configure:8690: $? = 0
configure:8703: result: yes
configure:8732: checking if gcc static flag -static works
configure:8760: result: no
configure:8775: checking if gcc supports -c -o file.o
configure:8796: gcc -c -g -O2  -o out/conftest2.o conftest.c >&5
configure:8800: $? = 0
configure:8822: result: yes
configure:8830: checking if gcc supports -c -o file.o
configure:8877: result: yes
configure:8910: checking whether the gcc linker (/Applications/Xcode.app/Contents/Developer/Toolchains/XcodeDefault.xctoolchain/usr/bin/ld) supports shared libraries
configure:10171: result: yes
configure:10411: checking dynamic linker characteristics
configure:11229: result: darwin21.6.0 dyld
configure:11351: checking how to hardcode library paths into programs
configure:11376: result: immediate
configure:11924: checking whether stripping libraries is possible
configure:11941: result: yes
configure:11975: checking if libtool supports shared libraries
configure:11977: result: yes
configure:11980: checking whether to build shared libraries
configure:12005: result: yes
configure:12008: checking whether to build static libraries
configure:12012: result: yes
configure:12103: checking for gcc
configure:12130: result: gcc
configure:12359: checking for C compiler version
configure:12368: gcc --version >&5
Apple clang version 13.1.6 (clang-1316.0.21.2.5)
Target: arm64-apple-darwin21.6.0
Thread model: posix
InstalledDir: /Applications/Xcode.app/Contents/Developer/Toolchains/XcodeDefault.xctoolchain/usr/bin
configure:12379: $? = 0
configure:12368: gcc -v >&5
Apple clang version 13.1.6 (clang-1316.0.21.2.5)
Target: arm64-apple-darwin21.6.0
Thread model: posix
InstalledDir: /Applications/Xcode.app/Contents/Developer/Toolchains/XcodeDefault.xctoolchain/usr/bin
configure:12379: $? = 0
configure:12368: gcc -V >&5
clang: error: argument to '-V' is missing (expected 1 value)
clang: error: no input files
configure:12379: $? = 1
configure:12368: gcc -qversion >&5
clang: error: unknown argument '-qversion'; did you mean '--version'?
clang: error: no input files
configure:12379: $? = 1
configure:12383: checking whether we are using the GNU C compiler
configure:12411: result: yes
configure:12420: checking whether gcc accepts -g
configure:12481: result: yes
configure:12498: checking for gcc option to accept ISO C89
configure:12574: result: none needed
configure:12599: checking whether gcc understands -c and -o together
configure:12636: result: yes
configure:12655: checking dependency style of gcc
configure:12766: result: gcc3
configure:12786: checking gf_complete.h usability
configure:12786: gcc -c -g -O2  conftest.c >&5
conftest.c:56:10: fatal error: 'gf_complete.h' file not found
#include <gf_complete.h>
         ^~~~~~~~~~~~~~~
1 error generated.
configure:12786: $? = 1
configure: failed program was:
| /* confdefs.h */
| #define PACKAGE_NAME "Jerasure"
| #define PACKAGE_TARNAME "jerasure"
| #define PACKAGE_VERSION "2.0"
| #define PACKAGE_STRING "Jerasure 2.0"
| #define PACKAGE_BUGREPORT ""
| #define PACKAGE_URL ""
| #define PACKAGE "no-dependencies"
| #define VERSION "foreign"
| #define STDC_HEADERS 1
| #define HAVE_SYS_TYPES_H 1
| #define HAVE_SYS_STAT_H 1
| #define HAVE_STDLIB_H 1
| #define HAVE_STRING_H 1
| #define HAVE_MEMORY_H 1
| #define HAVE_STRINGS_H 1
| #define HAVE_INTTYPES_H 1
| #define HAVE_STDINT_H 1
| #define HAVE_UNISTD_H 1
| #define HAVE_DLFCN_H 1
| #define LT_OBJDIR ".libs/"
| /* end confdefs.h.  */
| #include <stdio.h>
| #ifdef HAVE_SYS_TYPES_H
| # include <sys/types.h>
| #endif
| #ifdef HAVE_SYS_STAT_H
| # include <sys/stat.h>
| #endif
| #ifdef STDC_HEADERS
| # include <stdlib.h>
| # include <stddef.h>
| #else
| # ifdef HAVE_STDLIB_H
| #  include <stdlib.h>
| # endif
| #endif
| #ifdef HAVE_STRING_H
| # if !defined STDC_HEADERS && defined HAVE_MEMORY_H
| #  include <memory.h>
| # endif
| # include <string.h>
| #endif
| #ifdef HAVE_STRINGS_H
| # include <strings.h>
| #endif
| #ifdef HAVE_INTTYPES_H
| # include <inttypes.h>
| #endif
| #ifdef HAVE_STDINT_H
| # include <stdint.h>
| #endif
| #ifdef HAVE_UNISTD_H
| # include <unistd.h>
| #endif
| #include <gf_complete.h>
configure:12786: result: no
configure:12786: checking gf_complete.h presence
configure:12786: gcc -E  conftest.c
conftest.c:23:10: fatal error: 'gf_complete.h' file not found
#include <gf_complete.h>
         ^~~~~~~~~~~~~~~
1 error generated.
configure:12786: $? = 1
configure: failed program was:
| /* confdefs.h */
| #define PACKAGE_NAME "Jerasure"
| #define PACKAGE_TARNAME "jerasure"
| #define PACKAGE_VERSION "2.0"
| #define PACKAGE_STRING "Jerasure 2.0"
| #define PACKAGE_BUGREPORT ""
| #define PACKAGE_URL ""
| #define PACKAGE "no-dependencies"
| #define VERSION "foreign"
| #define STDC_HEADERS 1
| #define HAVE_SYS_TYPES_H 1
| #define HAVE_SYS_STAT_H 1
| #define HAVE_STDLIB_H 1
| #define HAVE_STRING_H 1
| #define HAVE_MEMORY_H 1
| #define HAVE_STRINGS_H 1
| #define HAVE_INTTYPES_H 1
| #define HAVE_STDINT_H 1
| #define HAVE_UNISTD_H 1
| #define HAVE_DLFCN_H 1
| #define LT_OBJDIR ".libs/"
| /* end confdefs.h.  */
| #include <gf_complete.h>
configure:12786: result: no
configure:12786: checking for gf_complete.h
configure:12786: result: no
configure:12786: checking gf_general.h usability
configure:12786: gcc -c -g -O2  conftest.c >&5
conftest.c:56:10: fatal error: 'gf_general.h' file not found
#include <gf_general.h>
         ^~~~~~~~~~~~~~
1 error generated.
configure:12786: $? = 1
configure: failed program was:
| /* confdefs.h */
| #define PACKAGE_NAME "Jerasure"
| #define PACKAGE_TARNAME "jerasure"
| #define PACKAGE_VERSION "2.0"
| #define PACKAGE_STRING "Jerasure 2.0"
| #define PACKAGE_BUGREPORT ""
| #define PACKAGE_URL ""
| #define PACKAGE "no-dependencies"
| #define VERSION "foreign"
| #define STDC_HEADERS 1
| #define HAVE_SYS_TYPES_H 1
| #define HAVE_SYS_STAT_H 1
| #define HAVE_STDLIB_H 1
| #define HAVE_STRING_H 1
| #define HAVE_MEMORY_H 1
| #define HAVE_STRINGS_H 1
| #define HAVE_INTTYPES_H 1
| #define HAVE_STDINT_H 1
| #define HAVE_UNISTD_H 1
| #define HAVE_DLFCN_H 1
| #define LT_OBJDIR ".libs/"
| /* end confdefs.h.  */
| #include <stdio.h>
| #ifdef HAVE_SYS_TYPES_H
| # include <sys/types.h>
| #endif
| #ifdef HAVE_SYS_STAT_H
| # include <sys/stat.h>
| #endif
| #ifdef STDC_HEADERS
| # include <stdlib.h>
| # include <stddef.h>
| #else
| # ifdef HAVE_STDLIB_H
| #  include <stdlib.h>
| # endif
| #endif
| #ifdef HAVE_STRING_H
| # if !defined STDC_HEADERS && defined HAVE_MEMORY_H
| #  include <memory.h>
| # endif
| # include <string.h>
| #endif
| #ifdef HAVE_STRINGS_H
| # include <strings.h>
| #endif
| #ifdef HAVE_INTTYPES_H
| # include <inttypes.h>
| #endif
| #ifdef HAVE_STDINT_H
| # include <stdint.h>
| #endif
| #ifdef HAVE_UNISTD_H
| # include <unistd.h>
| #endif
| #include <gf_general.h>
configure:12786: result: no
configure:12786: checking gf_general.h presence
configure:12786: gcc -E  conftest.c
conftest.c:23:10: fatal error: 'gf_general.h' file not found
#include <gf_general.h>
         ^~~~~~~~~~~~~~
1 error generated.
configure:12786: $? = 1
configure: failed program was:
| /* confdefs.h */
| #define PACKAGE_NAME "Jerasure"
| #define PACKAGE_TARNAME "jerasure"
| #define PACKAGE_VERSION "2.0"
| #define PACKAGE_STRING "Jerasure 2.0"
| #define PACKAGE_BUGREPORT ""
| #define PACKAGE_URL ""
| #define PACKAGE "no-dependencies"
| #define VERSION "foreign"
| #define STDC_HEADERS 1
| #define HAVE_SYS_TYPES_H 1
| #define HAVE_SYS_STAT_H 1
| #define HAVE_STDLIB_H 1
| #define HAVE_STRING_H 1
| #define HAVE_MEMORY_H 1
| #define HAVE_STRINGS_H 1
| #define HAVE_INTTYPES_H 1
| #define HAVE_STDINT_H 1
| #define HAVE_UNISTD_H 1
| #define HAVE_DLFCN_H 1
| #define LT_OBJDIR ".libs/"
| /* end confdefs.h.  */
| #include <gf_general.h>
configure:12786: result: no
configure:12786: checking for gf_general.h
configure:12786: result: no
configure:12786: checking gf_int.h usability
configure:12786: gcc -c -g -O2  conftest.c >&5
conftest.c:56:10: fatal error: 'gf_int.h' file not found
#include <gf_int.h>
         ^~~~~~~~~~
1 error generated.
configure:12786: $? = 1
configure: failed program was:
| /* confdefs.h */
| #define PACKAGE_NAME "Jerasure"
| #define PACKAGE_TARNAME "jerasure"
| #define PACKAGE_VERSION "2.0"
| #define PACKAGE_STRING "Jerasure 2.0"
| #define PACKAGE_BUGREPORT ""
| #define PACKAGE_URL ""
| #define PACKAGE "no-dependencies"
| #define VERSION "foreign"
| #define STDC_HEADERS 1
| #define HAVE_SYS_TYPES_H 1
| #define HAVE_SYS_STAT_H 1
| #define HAVE_STDLIB_H 1
| #define HAVE_STRING_H 1
| #define HAVE_MEMORY_H 1
| #define HAVE_STRINGS_H 1
| #define HAVE_INTTYPES_H 1
| #define HAVE_STDINT_H 1
| #define HAVE_UNISTD_H 1
| #define HAVE_DLFCN_H 1
| #define LT_OBJDIR ".libs/"
| /* end confdefs.h.  */
| #include <stdio.h>
| #ifdef HAVE_SYS_TYPES_H
| # include <sys/types.h>
| #endif
| #ifdef HAVE_SYS_STAT_H
| # include <sys/stat.h>
| #endif
| #ifdef STDC_HEADERS
| # include <stdlib.h>
| # include <stddef.h>
| #else
| # ifdef HAVE_STDLIB_H
| #  include <stdlib.h>
| # endif
| #endif
| #ifdef HAVE_STRING_H
| # if !defined STDC_HEADERS && defined HAVE_MEMORY_H
| #  include <memory.h>
| # endif
| # include <string.h>
| #endif
| #ifdef HAVE_STRINGS_H
| # include <strings.h>
| #endif
| #ifdef HAVE_INTTYPES_H
| # include <inttypes.h>
| #endif
| #ifdef HAVE_STDINT_H
| # include <stdint.h>
| #endif
| #ifdef HAVE_UNISTD_H
| # include <unistd.h>
| #endif
| #include <gf_int.h>
configure:12786: result: no
configure:12786: checking gf_int.h presence
configure:12786: gcc -E  conftest.c
conftest.c:23:10: fatal error: 'gf_int.h' file not found
#include <gf_int.h>
         ^~~~~~~~~~
1 error generated.
configure:12786: $? = 1
configure: failed program was:
| /* confdefs.h */
| #define PACKAGE_NAME "Jerasure"
| #define PACKAGE_TARNAME "jerasure"
| #define PACKAGE_VERSION "2.0"
| #define PACKAGE_STRING "Jerasure 2.0"
| #define PACKAGE_BUGREPORT ""
| #define PACKAGE_URL ""
| #define PACKAGE "no-dependencies"
| #define VERSION "foreign"
| #define STDC_HEADERS 1
| #define HAVE_SYS_TYPES_H 1
| #define HAVE_SYS_STAT_H 1
| #define HAVE_STDLIB_H 1
| #define HAVE_STRING_H 1
| #define HAVE_MEMORY_H 1
| #define HAVE_STRINGS_H 1
| #define HAVE_INTTYPES_H 1
| #define HAVE_STDINT_H 1
| #define HAVE_UNISTD_H 1
| #define HAVE_DLFCN_H 1
| #define LT_OBJDIR ".libs/"
| /* end confdefs.h.  */
| #include <gf_int.h>
configure:12786: result: no
configure:12786: checking for gf_int.h
configure:12786: result: no
configure:12786: checking gf_method.h usability
configure:12786: gcc -c -g -O2  conftest.c >&5
conftest.c:56:10: fatal error: 'gf_method.h' file not found
#include <gf_method.h>
         ^~~~~~~~~~~~~
1 error generated.
configure:12786: $? = 1
configure: failed program was:
| /* confdefs.h */
| #define PACKAGE_NAME "Jerasure"
| #define PACKAGE_TARNAME "jerasure"
| #define PACKAGE_VERSION "2.0"
| #define PACKAGE_STRING "Jerasure 2.0"
| #define PACKAGE_BUGREPORT ""
| #define PACKAGE_URL ""
| #define PACKAGE "no-dependencies"
| #define VERSION "foreign"
| #define STDC_HEADERS 1
| #define HAVE_SYS_TYPES_H 1
| #define HAVE_SYS_STAT_H 1
| #define HAVE_STDLIB_H 1
| #define HAVE_STRING_H 1
| #define HAVE_MEMORY_H 1
| #define HAVE_STRINGS_H 1
| #define HAVE_INTTYPES_H 1
| #define HAVE_STDINT_H 1
| #define HAVE_UNISTD_H 1
| #define HAVE_DLFCN_H 1
| #define LT_OBJDIR ".libs/"
| /* end confdefs.h.  */
| #include <stdio.h>
| #ifdef HAVE_SYS_TYPES_H
| # include <sys/types.h>
| #endif
| #ifdef HAVE_SYS_STAT_H
| # include <sys/stat.h>
| #endif
| #ifdef STDC_HEADERS
| # include <stdlib.h>
| # include <stddef.h>
| #else
| # ifdef HAVE_STDLIB_H
| #  include <stdlib.h>
| # endif
| #endif
| #ifdef HAVE_STRING_H
| # if !defined STDC_HEADERS && defined HAVE_MEMORY_H
| #  include <memory.h>
| # endif
| # include <string.h>
| #endif
| #ifdef HAVE_STRINGS_H
| # include <strings.h>
| #endif
| #ifdef HAVE_INTTYPES_H
| # include <inttypes.h>
| #endif
| #ifdef HAVE_STDINT_H
| # include <stdint.h>
| #endif
| #ifdef HAVE_UNISTD_H
| # include <unistd.h>
| #endif
| #include <gf_method.h>
configure:12786: result: no
configure:12786: checking gf_method.h presence
configure:12786: gcc -E  conftest.c
conftest.c:23:10: fatal error: 'gf_method.h' file not found
#include <gf_method.h>
         ^~~~~~~~~~~~~
1 error generated.
configure:12786: $? = 1
configure: failed program was:
| /* confdefs.h */
| #define PACKAGE_NAME "Jerasure"
| #define PACKAGE_TARNAME "jerasure"
| #define PACKAGE_VERSION "2.0"
| #define PACKAGE_STRING "Jerasure 2.0"
| #define PACKAGE_BUGREPORT ""
| #define PACKAGE_URL ""
| #define PACKAGE "no-dependencies"
| #define VERSION "foreign"
| #define STDC_HEADERS 1
| #define HAVE_SYS_TYPES_H 1
| #define HAVE_SYS_STAT_H 1
| #define HAVE_STDLIB_H 1
| #define HAVE_STRING_H 1
| #define HAVE_MEMORY_H 1
| #define HAVE_STRINGS_H 1
| #define HAVE_INTTYPES_H 1
| #define HAVE_STDINT_H 1
| #define HAVE_UNISTD_H 1
| #define HAVE_DLFCN_H 1
| #define LT_OBJDIR ".libs/"
| /* end confdefs.h.  */
| #include <gf_method.h>
configure:12786: result: no
configure:12786: checking for gf_method.h
configure:12786: result: no
configure:12786: checking gf_rand.h usability
configure:12786: gcc -c -g -O2  conftest.c >&5
conftest.c:56:10: fatal error: 'gf_rand.h' file not found
#include <gf_rand.h>
         ^~~~~~~~~~~
1 error generated.
configure:12786: $? = 1
configure: failed program was:
| /* confdefs.h */
| #define PACKAGE_NAME "Jerasure"
| #define PACKAGE_TARNAME "jerasure"
| #define PACKAGE_VERSION "2.0"
| #define PACKAGE_STRING "Jerasure 2.0"
| #define PACKAGE_BUGREPORT ""
| #define PACKAGE_URL ""
| #define PACKAGE "no-dependencies"
| #define VERSION "foreign"
| #define STDC_HEADERS 1
| #define HAVE_SYS_TYPES_H 1
| #define HAVE_SYS_STAT_H 1
| #define HAVE_STDLIB_H 1
| #define HAVE_STRING_H 1
| #define HAVE_MEMORY_H 1
| #define HAVE_STRINGS_H 1
| #define HAVE_INTTYPES_H 1
| #define HAVE_STDINT_H 1
| #define HAVE_UNISTD_H 1
| #define HAVE_DLFCN_H 1
| #define LT_OBJDIR ".libs/"
| /* end confdefs.h.  */
| #include <stdio.h>
| #ifdef HAVE_SYS_TYPES_H
| # include <sys/types.h>
| #endif
| #ifdef HAVE_SYS_STAT_H
| # include <sys/stat.h>
| #endif
| #ifdef STDC_HEADERS
| # include <stdlib.h>
| # include <stddef.h>
| #else
| # ifdef HAVE_STDLIB_H
| #  include <stdlib.h>
| # endif
| #endif
| #ifdef HAVE_STRING_H
| # if !defined STDC_HEADERS && defined HAVE_MEMORY_H
| #  include <memory.h>
| # endif
| # include <string.h>
| #endif
| #ifdef HAVE_STRINGS_H
| # include <strings.h>
| #endif
| #ifdef HAVE_INTTYPES_H
| # include <inttypes.h>
| #endif
| #ifdef HAVE_STDINT_H
| # include <stdint.h>
| #endif
| #ifdef HAVE_UNISTD_H
| # include <unistd.h>
| #endif
| #include <gf_rand.h>
configure:12786: result: no
configure:12786: checking gf_rand.h presence
configure:12786: gcc -E  conftest.c
conftest.c:23:10: fatal error: 'gf_rand.h' file not found
#include <gf_rand.h>
         ^~~~~~~~~~~
1 error generated.
configure:12786: $? = 1
configure: failed program was:
| /* confdefs.h */
| #define PACKAGE_NAME "Jerasure"
| #define PACKAGE_TARNAME "jerasure"
| #define PACKAGE_VERSION "2.0"
| #define PACKAGE_STRING "Jerasure 2.0"
| #define PACKAGE_BUGREPORT ""
| #define PACKAGE_URL ""
| #define PACKAGE "no-dependencies"
| #define VERSION "foreign"
| #define STDC_HEADERS 1
| #define HAVE_SYS_TYPES_H 1
| #define HAVE_SYS_STAT_H 1
| #define HAVE_STDLIB_H 1
| #define HAVE_STRING_H 1
| #define HAVE_MEMORY_H 1
| #define HAVE_STRINGS_H 1
| #define HAVE_INTTYPES_H 1
| #define HAVE_STDINT_H 1
| #define HAVE_UNISTD_H 1
| #define HAVE_DLFCN_H 1
| #define LT_OBJDIR ".libs/"
| /* end confdefs.h.  */
| #include <gf_rand.h>
configure:12786: result: no
configure:12786: checking for gf_rand.h
configure:12786: result: no
configure:12797: checking for gf_init_easy in -lgf_complete
configure:12822: gcc -o conftest -g -O2   conftest.c -lgf_complete   >&5
ld: library not found for -lgf_complete
clang: error: linker command failed with exit code 1 (use -v to see invocation)
configure:12822: $? = 1
configure: failed program was:
| /* confdefs.h */
| #define PACKAGE_NAME "Jerasure"
| #define PACKAGE_TARNAME "jerasure"
| #define PACKAGE_VERSION "2.0"
| #define PACKAGE_STRING "Jerasure 2.0"
| #define PACKAGE_BUGREPORT ""
| #define PACKAGE_URL ""
| #define PACKAGE "no-dependencies"
| #define VERSION "foreign"
| #define STDC_HEADERS 1
| #define HAVE_SYS_TYPES_H 1
| #define HAVE_SYS_STAT_H 1
| #define HAVE_STDLIB_H 1
| #define HAVE_STRING_H 1
| #define HAVE_MEMORY_H 1
| #define HAVE_STRINGS_H 1
| #define HAVE_INTTYPES_H 1
| #define HAVE_STDINT_H 1
| #define HAVE_UNISTD_H 1
| #define HAVE_DLFCN_H 1
| #define LT_OBJDIR ".libs/"
| /* end confdefs.h.  */
| 
| /* Override any GCC internal prototype to avoid an error.
|    Use char because int might match the return type of a GCC
|    builtin and then its argument prototype would still apply.  */
| #ifdef __cplusplus
| extern "C"
| #endif
| char gf_init_easy ();
| int
| main ()
| {
| return gf_init_easy ();
|   ;
|   return 0;
| }
configure:12831: result: no

## ---------------- ##
## Cache variables. ##
## ---------------- ##

ac_cv_build=arm-apple-darwin21.6.0
ac_cv_c_compiler_gnu=yes
ac_cv_env_CC_set=
ac_cv_env_CC_value=
ac_cv_env_CFLAGS_set=
ac_cv_env_CFLAGS_value=
ac_cv_env_CPPFLAGS_set=
ac_cv_env_CPPFLAGS_value=
ac_cv_env_CPP_set=
ac_cv_env_CPP_value=
ac_cv_env_LDFLAGS_set=
ac_cv_env_LDFLAGS_value=
ac_cv_env_LIBS_set=
ac_cv_env_LIBS_value=
ac_cv_env_LT_SYS_LIBRARY_PATH_set=
ac_cv_env_LT_SYS_LIBRARY_PATH_value=
ac_cv_env_build_alias_set=
ac_cv_env_build_alias_value=
ac_cv_env_host_alias_set=
ac_cv_env_host_alias_value=
ac_cv_env_target_alias_set=
ac_cv_env_target_alias_value=
ac_cv_header_dlfcn_h=yes
ac_cv_header_gf_complete_h=no
ac_cv_header_gf_general_h=no
ac_cv_header_gf_int_h=no
ac_cv_header_gf_method_h=no
ac_cv_header_gf_rand_h=no
ac_cv_header_inttypes_h=yes
ac_cv_header_memory_h=yes
ac_cv_header_stdc=yes
ac_cv_header_stdint_h=yes
ac_cv_header_stdlib_h=yes
ac_cv_header_string_h=yes
ac_cv_header_strings_h=yes
ac_cv_header_sys_stat_h=yes
ac_cv_header_sys_types_h=yes
ac_cv_header_unistd_h=yes
ac_cv_host=arm-apple-darwin21.6.0
ac_cv_lib_gf_complete_gf_init_easy=no
ac_cv_objext=o
ac_cv_path_EGREP='/opt/homebrew/bin/ggrep -E'
ac_cv_path_FGREP='/opt/homebrew/bin/ggrep -F'
ac_cv_path_GREP=/opt/homebrew/bin/ggrep
ac_cv_path_SED=/opt/homebrew/bin/gsed
ac_cv_path_install='/usr/bin/install -c'
ac_cv_path_lt_DD=/bin/dd
ac_cv_prog_AWK=awk
ac_cv_prog_CPP='gcc -E'
ac_cv_prog_ac_ct_AR=ar
ac_cv_prog_ac_ct_CC=gcc
ac_cv_prog_ac_ct_DSYMUTIL=dsymutil
ac_cv_prog_ac_ct_FILECMD=file
ac_cv_prog_ac_ct_LIPO=lipo
ac_cv_prog_ac_ct_NMEDIT=nmedit
ac_cv_prog_ac_ct_OBJDUMP=objdump
ac_cv_prog_ac_ct_OTOOL=otool
ac_cv_prog_ac_ct_RANLIB=ranlib
ac_cv_prog_ac_ct_STRIP=strip
ac_cv_prog_cc_c89=
ac_cv_prog_cc_g=yes
ac_cv_prog_make_make_set=yes
am_cv_CC_dependencies_compiler_type=gcc3
am_cv_make_support_nested_variables=yes
am_cv_prog_cc_c_o=yes
lt_cv_apple_cc_single_mod=yes
lt_cv_ar_at_file=no
lt_cv_deplibs_check_method=pass_all
lt_cv_file_magic_cmd='$MAGIC_CMD'
lt_cv_file_magic_test_file=
lt_cv_ld_exported_symbols_list=yes
lt_cv_ld_force_load=yes
lt_cv_ld_reload_flag=-r
lt_cv_nm_interface='BSD nm'
lt_cv_objdir=.libs
lt_cv_path_LD=/Applications/Xcode.app/Contents/Developer/Toolchains/XcodeDefault.xctoolchain/usr/bin/ld
lt_cv_path_NM='/usr/bin/nm -B'
lt_cv_path_mainfest_tool=no
lt_cv_prog_compiler_c_o=yes
lt_cv_prog_compiler_pic='-fno-common -DPIC'
lt_cv_prog_compiler_pic_works=yes
lt_cv_prog_compiler_rtti_exceptions=yes
lt_cv_prog_compiler_static_works=no
lt_cv_prog_gnu_ld=no
lt_cv_sharedlib_from_linklib_cmd='printf %s\n'
lt_cv_sys_global_symbol_pipe='/opt/homebrew/bin/gsed -n -e '\''s/^.*[	 ]\([ABCDGIRSTW][ABCDGIRSTW]*\)[	 ][	 ]*_\([_A-Za-z][_A-Za-z0-9]*\)$/\1 _\2 \2/p'\'' | /opt/homebrew/bin/gsed '\''/ __gnu_lto/d'\'''
lt_cv_sys_global_symbol_to_c_name_address='/opt/homebrew/bin/gsed -n -e '\''s/^: \(.*\) .*$/  {"\1", (void *) 0},/p'\'' -e '\''s/^[ABCDGIRSTW][ABCDGIRSTW]* .* \(.*\)$/  {"\1", (void *) \&\1},/p'\'''
lt_cv_sys_global_symbol_to_c_name_address_lib_prefix='/opt/homebrew/bin/gsed -n -e '\''s/^: \(.*\) .*$/  {"\1", (void *) 0},/p'\'' -e '\''s/^[ABCDGIRSTW][ABCDGIRSTW]* .* \(lib.*\)$/  {"\1", (void *) \&\1},/p'\'' -e '\''s/^[ABCDGIRSTW][ABCDGIRSTW]* .* \(.*\)$/  {"lib\1", (void *) \&\1},/p'\'''
lt_cv_sys_global_symbol_to_cdecl='/opt/homebrew/bin/gsed -n -e '\''s/^T .* \(.*\)$/extern int \1();/p'\'' -e '\''s/^[ABCDGIRSTW][ABCDGIRSTW]* .* \(.*\)$/extern char \1;/p'\'''
lt_cv_sys_global_symbol_to_import=
lt_cv_sys_max_cmd_len=786432
lt_cv_to_host_file_cmd=func_convert_file_noop
lt_cv_to_tool_file_cmd=func_convert_file_noop
lt_cv_truncate_bin='/bin/dd bs=4096 count=1'

## ----------------- ##
## Output variables. ##
## ----------------- ##

ACLOCAL='${SHELL} /Users/xingyys/project/C/stone-project/jerasure/missing aclocal-1.16'
AMDEPBACKSLASH='\'
AMDEP_FALSE='#'
AMDEP_TRUE=''
AMTAR='$${TAR-tar}'
AM_BACKSLASH='\'
AM_DEFAULT_V='$(AM_DEFAULT_VERBOSITY)'
AM_DEFAULT_VERBOSITY='1'
AM_V='$(V)'
AR='ar'
AUTOCONF='${SHELL} /Users/xingyys/project/C/stone-project/jerasure/missing autoconf'
AUTOHEADER='${SHELL} /Users/xingyys/project/C/stone-project/jerasure/missing autoheader'
AUTOMAKE='${SHELL} /Users/xingyys/project/C/stone-project/jerasure/missing automake-1.16'
AWK='awk'
CC='gcc'
CCDEPMODE='depmode=gcc3'
CFLAGS='-g -O2'
CPP='gcc -E'
CPPFLAGS=''
CYGPATH_W='echo'
DEFS=''
DEPDIR='.deps'
DLLTOOL='false'
DSYMUTIL='dsymutil'
DUMPBIN=''
ECHO_C='\c'
ECHO_N=''
ECHO_T=''
EGREP='/opt/homebrew/bin/ggrep -E'
EXEEXT=''
FGREP='/opt/homebrew/bin/ggrep -F'
FILECMD='file'
GREP='/opt/homebrew/bin/ggrep'
INSTALL_DATA='${INSTALL} -m 644'
INSTALL_PROGRAM='${INSTALL}'
INSTALL_SCRIPT='${INSTALL}'
INSTALL_STRIP_PROGRAM='$(install_sh) -c -s'
LD='/Applications/Xcode.app/Contents/Developer/Toolchains/XcodeDefault.xctoolchain/usr/bin/ld'
LDFLAGS=''
LIBOBJS=''
LIBS=''
LIBTOOL='$(SHELL) $(top_builddir)/libtool'
LIPO='lipo'
LN_S='ln -s'
LTLIBOBJS=''
LT_SYS_LIBRARY_PATH=''
MAKEINFO='${SHELL} /Users/xingyys/project/C/stone-project/jerasure/missing makeinfo'
MANIFEST_TOOL=':'
MKDIR_P='/Users/xingyys/project/C/stone-project/jerasure/install-sh -c -d'
NM='/usr/bin/nm -B'
NMEDIT='nmedit'
OBJDUMP='objdump'
OBJEXT='o'
OTOOL64=':'
OTOOL='otool'
PACKAGE='no-dependencies'
PACKAGE_BUGREPORT=''
PACKAGE_NAME='Jerasure'
PACKAGE_STRING='Jerasure 2.0'
PACKAGE_TARNAME='jerasure'
PACKAGE_URL=''
PACKAGE_VERSION='2.0'
PATH_SEPARATOR=':'
RANLIB='ranlib'
SED='/opt/homebrew/bin/gsed'
SET_MAKE=''
SHELL='/bin/sh'
SIMD_FLAGS=''
STRIP='strip'
VERSION='foreign'
ac_ct_AR='ar'
ac_ct_CC='gcc'
ac_ct_DUMPBIN=''
am__EXEEXT_FALSE=''
am__EXEEXT_TRUE=''
am__fastdepCC_FALSE='#'
am__fastdepCC_TRUE=''
am__include='include'
am__isrc=' -I$(srcdir)'
am__leading_dot='.'
am__nodep='_no'
am__quote=''
am__tar='$${TAR-tar} chof - "$$tardir"'
am__untar='$${TAR-tar} xf -'
bindir='${exec_prefix}/bin'
build='arm-apple-darwin21.6.0'
build_alias=''
build_cpu='arm'
build_os='darwin21.6.0'
build_vendor='apple'
datadir='${datarootdir}'
datarootdir='${prefix}/share'
docdir='${datarootdir}/doc/${PACKAGE_TARNAME}'
dvidir='${docdir}'
exec_prefix='NONE'
host='arm-apple-darwin21.6.0'
host_alias=''
host_cpu='arm'
host_os='darwin21.6.0'
host_vendor='apple'
htmldir='${docdir}'
includedir='${prefix}/include'
infodir='${datarootdir}/info'
install_sh='${SHELL} /Users/xingyys/project/C/stone-project/jerasure/install-sh'
libdir='${exec_prefix}/lib'
libexecdir='${exec_prefix}/libexec'
localedir='${datarootdir}/locale'
localstatedir='${prefix}/var'
mandir='${datarootdir}/man'
mkdir_p='$(MKDIR_P)'
oldincludedir='/usr/include'
pdfdir='${docdir}'
prefix='NONE'
program_transform_name='s,x,x,'
psdir='${docdir}'
sbindir='${exec_prefix}/sbin'
sharedstatedir='${prefix}/com'
sysconfdir='${prefix}/etc'
target_alias=''

## ----------- ##
## confdefs.h. ##
## ----------- ##

/* confdefs.h */
#define PACKAGE_NAME "Jerasure"
#define PACKAGE_TARNAME "jerasure"
#define PACKAGE_VERSION "2.0"
#define PACKAGE_STRING "Jerasure 2.0"
#define PACKAGE_BUGREPORT ""
#define PACKAGE_URL ""
#define PACKAGE "no-dependencies"
#define VERSION "foreign"
#define STDC_HEADERS 1
#define HAVE_SYS_TYPES_H 1
#define HAVE_SYS_STAT_H 1
#define HAVE_STDLIB_H 1
#define HAVE_STRING_H 1
#define HAVE_MEMORY_H 1
#define HAVE_STRINGS_H 1
#define HAVE_INTTYPES_H 1
#define HAVE_STDINT_H 1
#define HAVE_UNISTD_H 1
#define HAVE_DLFCN_H 1
#define LT_OBJDIR ".libs/"

configure: exit 255
